<?xml version="1.0" encoding="UTF-8"?>
<testsuite xmlns:xsi="http://www.w3.org/2001/XMLSchema-instance" xsi:noNamespaceSchemaLocation="https://maven.apache.org/surefire/maven-surefire-plugin/xsd/surefire-test-report.xsd" name="br.com.unifor.ccbankapi.service.CidadeServiceTest" time="0" tests="1" errors="0" skipped="1" failures="0">
  <properties>
[...]
</properties>
  <testcase name="br.com.unifor.ccbankapi.service.CidadeServiceTest" classname="br.com.unifor.ccbankapi.service.CidadeServiceTest" time="0">
    <skipped message="class br.com.unifor.ccbankapi.service.CidadeServiceTest is @Disabled"/>
  </testcase>
</testsuite>